2020-11-24 15:01:01 - PHP Warning:  mysqli::__construct(): MySQL server has gone away in /Applications/MAMP/htdocs/artflora/system/library/db/mysqli.php on line 7
2020-11-24 15:01:01 - PHP Warning:  mysqli::__construct(): Error while reading greeting packet. PID=33520 in /Applications/MAMP/htdocs/artflora/system/library/db/mysqli.php on line 7
2020-11-24 15:01:01 - PHP Warning:  mysqli::__construct(): (HY000/2006): MySQL server has gone away in /Applications/MAMP/htdocs/artflora/system/library/db/mysqli.php on line 7
2020-11-24 15:01:01 - PHP Warning:  DB\MySQLi::__construct(): Couldn't fetch mysqli in /Applications/MAMP/htdocs/artflora/system/library/db/mysqli.php on line 10
2020-11-24 15:01:01 - PHP Warning:  DB\MySQLi::__construct(): Couldn't fetch mysqli in /Applications/MAMP/htdocs/artflora/system/library/db/mysqli.php on line 10
2020-11-24 16:00:02 - PHP Warning:  mysqli::__construct(): MySQL server has gone away in /Applications/MAMP/htdocs/artflora/system/library/db/mysqli.php on line 7
2020-11-24 16:00:02 - PHP Warning:  mysqli::__construct(): Error while reading greeting packet. PID=43687 in /Applications/MAMP/htdocs/artflora/system/library/db/mysqli.php on line 7
2020-11-24 16:00:02 - PHP Warning:  mysqli::__construct(): (HY000/2006): MySQL server has gone away in /Applications/MAMP/htdocs/artflora/system/library/db/mysqli.php on line 7
2020-11-24 16:00:02 - PHP Warning:  DB\MySQLi::__construct(): Couldn't fetch mysqli in /Applications/MAMP/htdocs/artflora/system/library/db/mysqli.php on line 10
2020-11-24 16:00:02 - PHP Warning:  DB\MySQLi::__construct(): Couldn't fetch mysqli in /Applications/MAMP/htdocs/artflora/system/library/db/mysqli.php on line 10
2020-11-24 16:00:06 - PHP Warning:  mysqli::__construct(): MySQL server has gone away in /Applications/MAMP/htdocs/artflora/system/library/db/mysqli.php on line 7
2020-11-24 16:00:06 - PHP Warning:  mysqli::__construct(): Error while reading greeting packet. PID=43319 in /Applications/MAMP/htdocs/artflora/system/library/db/mysqli.php on line 7
2020-11-24 16:00:06 - PHP Warning:  mysqli::__construct(): (HY000/2006): MySQL server has gone away in /Applications/MAMP/htdocs/artflora/system/library/db/mysqli.php on line 7
2020-11-24 16:00:06 - PHP Warning:  DB\MySQLi::__construct(): Couldn't fetch mysqli in /Applications/MAMP/htdocs/artflora/system/library/db/mysqli.php on line 10
2020-11-24 16:00:06 - PHP Warning:  DB\MySQLi::__construct(): Couldn't fetch mysqli in /Applications/MAMP/htdocs/artflora/system/library/db/mysqli.php on line 10
2020-11-24 16:00:15 - PHP Notice:  Undefined property: stdClass::$payment_link in /Applications/MAMP/htdocs/artflora/catalog/controller/extension/payment/everypay.php on line 81
2020-11-24 16:01:01 - PHP Notice:  Undefined property: stdClass::$payment_link in /Applications/MAMP/htdocs/artflora/catalog/controller/extension/payment/everypay.php on line 81
<<<<<<< HEAD
2020-11-25 13:00:32 - PHP Warning:  imagejpeg(/opt/artflora-php/artflora/image/cache/catalog/demo/macbook_1-200x200.jpg): failed to open stream: Permission denied in /opt/artflora-php/artflora/system/library/image.php on line 121
2020-11-25 13:00:33 - PHP Warning:  imagejpeg(/opt/artflora-php/artflora/image/cache/catalog/demo/iphone_1-200x200.jpg): failed to open stream: Permission denied in /opt/artflora-php/artflora/system/library/image.php on line 121
2020-11-25 13:00:33 - PHP Warning:  imagejpeg(/opt/artflora-php/artflora/image/cache/catalog/demo/apple_cinema_30-200x200.jpg): failed to open stream: Permission denied in /opt/artflora-php/artflora/system/library/image.php on line 121
2020-11-25 13:00:33 - PHP Warning:  imagejpeg(/opt/artflora-php/artflora/image/cache/catalog/demo/canon_eos_5d_1-200x200.jpg): failed to open stream: Permission denied in /opt/artflora-php/artflora/system/library/image.php on line 121
2020-11-25 13:17:10 - PHP Warning:  rename(/opt/artflora-php/artflora/system/storage/upload/tmp-9xQyPNbJEQ/upload/admin/controller/extension/export_import.php,/opt/artflora-php/artflora/admin/controller/extension/export_import.php): Permission denied in /opt/artflora-php/artflora/admin/controller/marketplace/install.php on line 218
2020-11-25 13:17:10 - PHP Warning:  rename(/opt/artflora-php/artflora/system/storage/upload/tmp-9xQyPNbJEQ/upload/admin/model/extension/export_import.php,/opt/artflora-php/artflora/admin/model/extension/export_import.php): Permission denied in /opt/artflora-php/artflora/admin/controller/marketplace/install.php on line 218
2020-11-25 13:17:10 - PHP Warning:  rename(/opt/artflora-php/artflora/system/storage/upload/tmp-9xQyPNbJEQ/upload/admin/view/stylesheet/export_import.css,/opt/artflora-php/artflora/admin/view/stylesheet/export_import.css): Permission denied in /opt/artflora-php/artflora/admin/controller/marketplace/install.php on line 218
2020-11-25 13:17:10 - PHP Warning:  rename(/opt/artflora-php/artflora/system/storage/upload/tmp-9xQyPNbJEQ/upload/admin/language/en-gb/extension/export_import.php,/opt/artflora-php/artflora/admin/language/en-gb/extension/export_import.php): Permission denied in /opt/artflora-php/artflora/admin/controller/marketplace/install.php on line 218
2020-11-25 13:17:10 - PHP Warning:  rename(/opt/artflora-php/artflora/system/storage/upload/tmp-9xQyPNbJEQ/upload/admin/view/image/export-import/loading.gif,/opt/artflora-php/artflora/admin/view/image/export-import/loading.gif): Permission denied in /opt/artflora-php/artflora/admin/controller/marketplace/install.php on line 218
2020-11-25 13:17:10 - PHP Warning:  rename(/opt/artflora-php/artflora/system/storage/upload/tmp-9xQyPNbJEQ/upload/admin/view/template/extension/export_import.twig,/opt/artflora-php/artflora/admin/view/template/extension/export_import.twig): Permission denied in /opt/artflora-php/artflora/admin/controller/marketplace/install.php on line 218
2020-11-25 13:25:01 - PHP Warning:  rename(/opt/artflora-php/artflora/system/storage/upload/tmp-g1Le2NSXWA/upload/admin/controller/extension/export_import.php,/opt/artflora-php/artflora/admin/controller/extension/export_import.php): Permission denied in /opt/artflora-php/artflora/admin/controller/marketplace/install.php on line 218
2020-11-25 13:25:01 - PHP Warning:  rename(/opt/artflora-php/artflora/system/storage/upload/tmp-g1Le2NSXWA/upload/admin/model/extension/export_import.php,/opt/artflora-php/artflora/admin/model/extension/export_import.php): Permission denied in /opt/artflora-php/artflora/admin/controller/marketplace/install.php on line 218
2020-11-25 13:25:01 - PHP Warning:  rename(/opt/artflora-php/artflora/system/storage/upload/tmp-g1Le2NSXWA/upload/admin/view/stylesheet/export_import.css,/opt/artflora-php/artflora/admin/view/stylesheet/export_import.css): Permission denied in /opt/artflora-php/artflora/admin/controller/marketplace/install.php on line 218
2020-11-25 13:25:01 - PHP Warning:  rename(/opt/artflora-php/artflora/system/storage/upload/tmp-g1Le2NSXWA/upload/admin/language/en-gb/extension/export_import.php,/opt/artflora-php/artflora/admin/language/en-gb/extension/export_import.php): Permission denied in /opt/artflora-php/artflora/admin/controller/marketplace/install.php on line 218
2020-11-25 13:25:01 - PHP Warning:  rename(/opt/artflora-php/artflora/system/storage/upload/tmp-g1Le2NSXWA/upload/admin/view/image/export-import/loading.gif,/opt/artflora-php/artflora/admin/view/image/export-import/loading.gif): Permission denied in /opt/artflora-php/artflora/admin/controller/marketplace/install.php on line 218
2020-11-25 13:25:01 - PHP Warning:  rename(/opt/artflora-php/artflora/system/storage/upload/tmp-g1Le2NSXWA/upload/admin/view/template/extension/export_import.twig,/opt/artflora-php/artflora/admin/view/template/extension/export_import.twig): Permission denied in /opt/artflora-php/artflora/admin/controller/marketplace/install.php on line 218
2020-11-25 13:25:52 - PHP Warning:  rename(/opt/artflora-php/artflora/system/storage/upload/tmp-S9RhBtckOB/upload/admin/controller/extension/export_import.php,/opt/artflora-php/artflora/admin/controller/extension/export_import.php): Permission denied in /opt/artflora-php/artflora/admin/controller/marketplace/install.php on line 218
2020-11-25 13:25:52 - PHP Warning:  rename(/opt/artflora-php/artflora/system/storage/upload/tmp-S9RhBtckOB/upload/admin/model/extension/export_import.php,/opt/artflora-php/artflora/admin/model/extension/export_import.php): Permission denied in /opt/artflora-php/artflora/admin/controller/marketplace/install.php on line 218
2020-11-25 13:25:52 - PHP Warning:  rename(/opt/artflora-php/artflora/system/storage/upload/tmp-S9RhBtckOB/upload/admin/view/stylesheet/export_import.css,/opt/artflora-php/artflora/admin/view/stylesheet/export_import.css): Permission denied in /opt/artflora-php/artflora/admin/controller/marketplace/install.php on line 218
2020-11-25 13:25:52 - PHP Warning:  rename(/opt/artflora-php/artflora/system/storage/upload/tmp-S9RhBtckOB/upload/admin/language/en-gb/extension/export_import.php,/opt/artflora-php/artflora/admin/language/en-gb/extension/export_import.php): Permission denied in /opt/artflora-php/artflora/admin/controller/marketplace/install.php on line 218
2020-11-25 13:25:52 - PHP Warning:  rename(/opt/artflora-php/artflora/system/storage/upload/tmp-S9RhBtckOB/upload/admin/view/image/export-import/loading.gif,/opt/artflora-php/artflora/admin/view/image/export-import/loading.gif): Permission denied in /opt/artflora-php/artflora/admin/controller/marketplace/install.php on line 218
2020-11-25 13:25:52 - PHP Warning:  rename(/opt/artflora-php/artflora/system/storage/upload/tmp-S9RhBtckOB/upload/admin/view/template/extension/export_import.twig,/opt/artflora-php/artflora/admin/view/template/extension/export_import.twig): Permission denied in /opt/artflora-php/artflora/admin/controller/marketplace/install.php on line 218
=======
2020-11-25 8:19:24 - PHP Warning:  sprintf(): Too few arguments in /Applications/MAMP/htdocs/artflora/catalog/controller/common/cart.php on line 50
2020-11-25 12:06:59 - PHP Warning:  mysqli::__construct(): MySQL server has gone away in /Applications/MAMP/htdocs/artflora/system/library/db/mysqli.php on line 7
2020-11-25 12:06:59 - PHP Warning:  mysqli::__construct(): Error while reading greeting packet. PID=46878 in /Applications/MAMP/htdocs/artflora/system/library/db/mysqli.php on line 7
2020-11-25 12:06:59 - PHP Warning:  mysqli::__construct(): (HY000/2006): MySQL server has gone away in /Applications/MAMP/htdocs/artflora/system/library/db/mysqli.php on line 7
2020-11-25 12:06:59 - PHP Warning:  DB\MySQLi::__construct(): Couldn't fetch mysqli in /Applications/MAMP/htdocs/artflora/system/library/db/mysqli.php on line 10
2020-11-25 12:06:59 - PHP Warning:  DB\MySQLi::__construct(): Couldn't fetch mysqli in /Applications/MAMP/htdocs/artflora/system/library/db/mysqli.php on line 10
2020-11-25 12:07:09 - PHP Warning:  mysqli::__construct(): MySQL server has gone away in /Applications/MAMP/htdocs/artflora/system/library/db/mysqli.php on line 7
2020-11-25 12:07:09 - PHP Warning:  mysqli::__construct(): Error while reading greeting packet. PID=48409 in /Applications/MAMP/htdocs/artflora/system/library/db/mysqli.php on line 7
2020-11-25 12:07:09 - PHP Warning:  mysqli::__construct(): (HY000/2006): MySQL server has gone away in /Applications/MAMP/htdocs/artflora/system/library/db/mysqli.php on line 7
2020-11-25 12:07:09 - PHP Warning:  DB\MySQLi::__construct(): Couldn't fetch mysqli in /Applications/MAMP/htdocs/artflora/system/library/db/mysqli.php on line 10
2020-11-25 12:07:09 - PHP Warning:  DB\MySQLi::__construct(): Couldn't fetch mysqli in /Applications/MAMP/htdocs/artflora/system/library/db/mysqli.php on line 10
2020-11-25 12:07:17 - PHP Notice:  Undefined property: stdClass::$payment_link in /Applications/MAMP/htdocs/artflora/catalog/controller/extension/payment/everypay.php on line 81
>>>>>>> 7524a7998b3b98c72091bc135949d24d80920f0d
